[2025-06-30 20:46:04] local.ERROR: Illuminate\View\FileViewFinder::__construct(): Argument #2 ($paths) must be of type array, null given, called in C:\Users\Braian\Desktop\Trabajo\Littleowlsapi\vendor\laravel\framework\src\Illuminate\View\ViewServiceProvider.php on line 85 {"exception":"[object] (TypeError(code: 0): Illuminate\\View\\FileViewFinder::__construct(): Argument #2 ($paths) must be of type array, null given, called in C:\\Users\\Braian\\Desktop\\Trabajo\\Littleowlsapi\\vendor\\laravel\\framework\\src\\Illuminate\\View\\ViewServiceProvider.php on line 85 at C:\\Users\\Braian\\Desktop\\Trabajo\\Littleowlsapi\\vendor\\laravel\\framework\\src\\Illuminate\\View\\FileViewFinder.php:53)
[stacktrace]
#0 C:\\Users\\Braian\\Desktop\\Trabajo\\Littleowlsapi\\vendor\\laravel\\framework\\src\\Illuminate\\View\\ViewServiceProvider.php(85): Illuminate\\View\\FileViewFinder->__construct(Object(Illuminate\\Filesystem\\Filesystem), NULL)
#1 C:\\Users\\Braian\\Desktop\\Trabajo\\Littleowlsapi\\vendor\\laravel\\framework\\src\\Illuminate\\Container\\Container.php(908): Illuminate\\View\\ViewServiceProvider->Illuminate\\View\\{closure}(Object(Illuminate\\Foundation\\Application), Array)
#2 C:\\Users\\Braian\\Desktop\\Trabajo\\Littleowlsapi\\vendor\\laravel\\framework\\src\\Illuminate\\Container\\Container.php(795): Illuminate\\Container\\Container->build(Object(Closure))
#3 C:\\Users\\Braian\\Desktop\\Trabajo\\Littleowlsapi\\vendor\\laravel\\framework\\src\\Illuminate\\Foundation\\Application.php(986): Illuminate\\Container\\Container->resolve('view.finder', Array, true)
#4 C:\\Users\\Braian\\Desktop\\Trabajo\\Littleowlsapi\\vendor\\laravel\\framework\\src\\Illuminate\\Container\\Container.php(731): Illuminate\\Foundation\\Application->resolve('view.finder', Array)
#5 C:\\Users\\Braian\\Desktop\\Trabajo\\Littleowlsapi\\vendor\\laravel\\framework\\src\\Illuminate\\Foundation\\Application.php(971): Illuminate\\Container\\Container->make('view.finder', Array)
#6 C:\\Users\\Braian\\Desktop\\Trabajo\\Littleowlsapi\\vendor\\laravel\\framework\\src\\Illuminate\\Container\\Container.php(1454): Illuminate\\Foundation\\Application->make('view.finder')
#7 C:\\Users\\Braian\\Desktop\\Trabajo\\Littleowlsapi\\vendor\\laravel\\framework\\src\\Illuminate\\View\\ViewServiceProvider.php(45): Illuminate\\Container\\Container->offsetGet('view.finder')
#8 C:\\Users\\Braian\\Desktop\\Trabajo\\Littleowlsapi\\vendor\\laravel\\framework\\src\\Illuminate\\Container\\Container.php(908): Illuminate\\View\\ViewServiceProvider->Illuminate\\View\\{closure}(Object(Illuminate\\Foundation\\Application), Array)
#9 C:\\Users\\Braian\\Desktop\\Trabajo\\Littleowlsapi\\vendor\\laravel\\framework\\src\\Illuminate\\Container\\Container.php(795): Illuminate\\Container\\Container->build(Object(Closure))
#10 C:\\Users\\Braian\\Desktop\\Trabajo\\Littleowlsapi\\vendor\\laravel\\framework\\src\\Illuminate\\Foundation\\Application.php(986): Illuminate\\Container\\Container->resolve('view', Array, true)
#11 C:\\Users\\Braian\\Desktop\\Trabajo\\Littleowlsapi\\vendor\\laravel\\framework\\src\\Illuminate\\Container\\Container.php(731): Illuminate\\Foundation\\Application->resolve('view', Array)
#12 C:\\Users\\Braian\\Desktop\\Trabajo\\Littleowlsapi\\vendor\\laravel\\framework\\src\\Illuminate\\Foundation\\Application.php(971): Illuminate\\Container\\Container->make('view', Array)
#13 C:\\Users\\Braian\\Desktop\\Trabajo\\Littleowlsapi\\vendor\\laravel\\framework\\src\\Illuminate\\Container\\Container.php(1454): Illuminate\\Foundation\\Application->make('view')
#14 C:\\Users\\Braian\\Desktop\\Trabajo\\Littleowlsapi\\vendor\\laravel\\framework\\src\\Illuminate\\Routing\\RoutingServiceProvider.php(182): Illuminate\\Container\\Container->offsetGet('Illuminate\\\\Cont...')
#15 C:\\Users\\Braian\\Desktop\\Trabajo\\Littleowlsapi\\vendor\\laravel\\framework\\src\\Illuminate\\Container\\Container.php(908): Illuminate\\Routing\\RoutingServiceProvider->Illuminate\\Routing\\{closure}(Object(Illuminate\\Foundation\\Application), Array)
#16 C:\\Users\\Braian\\Desktop\\Trabajo\\Littleowlsapi\\vendor\\laravel\\framework\\src\\Illuminate\\Container\\Container.php(795): Illuminate\\Container\\Container->build(Object(Closure))
#17 C:\\Users\\Braian\\Desktop\\Trabajo\\Littleowlsapi\\vendor\\laravel\\framework\\src\\Illuminate\\Foundation\\Application.php(986): Illuminate\\Container\\Container->resolve('Illuminate\\\\Cont...', Array, true)
#18 C:\\Users\\Braian\\Desktop\\Trabajo\\Littleowlsapi\\vendor\\laravel\\framework\\src\\Illuminate\\Container\\Container.php(731): Illuminate\\Foundation\\Application->resolve('Illuminate\\\\Cont...', Array)
#19 C:\\Users\\Braian\\Desktop\\Trabajo\\Littleowlsapi\\vendor\\laravel\\framework\\src\\Illuminate\\Foundation\\Application.php(971): Illuminate\\Container\\Container->make('Illuminate\\\\Cont...', Array)
#20 C:\\Users\\Braian\\Desktop\\Trabajo\\Littleowlsapi\\vendor\\laravel\\framework\\src\\Illuminate\\Foundation\\helpers.php(120): Illuminate\\Foundation\\Application->make('Illuminate\\\\Cont...', Array)
#21 C:\\Users\\Braian\\Desktop\\Trabajo\\Littleowlsapi\\vendor\\laravel\\framework\\src\\Illuminate\\Foundation\\helpers.php(790): app('Illuminate\\\\Cont...')
#22 C:\\Users\\Braian\\Desktop\\Trabajo\\Littleowlsapi\\routes\\api.php(26): response()
#23 C:\\Users\\Braian\\Desktop\\Trabajo\\Littleowlsapi\\vendor\\laravel\\framework\\src\\Illuminate\\Routing\\CallableDispatcher.php(40): Illuminate\\Routing\\RouteFileRegistrar->{closure}()
#24 C:\\Users\\Braian\\Desktop\\Trabajo\\Littleowlsapi\\vendor\\laravel\\framework\\src\\Illuminate\\Routing\\Route.php(237): Illuminate\\Routing\\CallableDispatcher->dispatch(Object(Illuminate\\Routing\\Route), Object(Closure))
#25 C:\\Users\\Braian\\Desktop\\Trabajo\\Littleowlsapi\\vendor\\laravel\\framework\\src\\Illuminate\\Routing\\Route.php(208): Illuminate\\Routing\\Route->runCallable()
#26 C:\\Users\\Braian\\Desktop\\Trabajo\\Littleowlsapi\\vendor\\laravel\\framework\\src\\Illuminate\\Routing\\Router.php(806): Illuminate\\Routing\\Route->run()
#27 C:\\Users\\Braian\\Desktop\\Trabajo\\Littleowlsapi\\vendor\\laravel\\framework\\src\\Illuminate\\Pipeline\\Pipeline.php(144): Illuminate\\Routing\\Router->Illuminate\\Routing\\{closure}(Object(Illuminate\\Http\\Request))
#28 C:\\Users\\Braian\\Desktop\\Trabajo\\Littleowlsapi\\vendor\\laravel\\framework\\src\\Illuminate\\Routing\\Middleware\\SubstituteBindings.php(50): Illuminate\\Pipeline\\Pipeline->Illuminate\\Pipeline\\{closure}(Object(Illuminate\\Http\\Request))
#29 C:\\Users\\Braian\\Desktop\\Trabajo\\Littleowlsapi\\vendor\\laravel\\framework\\src\\Illuminate\\Pipeline\\Pipeline.php(183): Illuminate\\Routing\\Middleware\\SubstituteBindings->handle(Object(Illuminate\\Http\\Request), Object(Closure))
#30 C:\\Users\\Braian\\Desktop\\Trabajo\\Littleowlsapi\\vendor\\laravel\\framework\\src\\Illuminate\\Routing\\Middleware\\ThrottleRequests.php(159): Illuminate\\Pipeline\\Pipeline->Illuminate\\Pipeline\\{closure}(Object(Illuminate\\Http\\Request))
#31 C:\\Users\\Braian\\Desktop\\Trabajo\\Littleowlsapi\\vendor\\laravel\\framework\\src\\Illuminate\\Routing\\Middleware\\ThrottleRequests.php(125): Illuminate\\Routing\\Middleware\\ThrottleRequests->handleRequest(Object(Illuminate\\Http\\Request), Object(Closure), Array)
#32 C:\\Users\\Braian\\Desktop\\Trabajo\\Littleowlsapi\\vendor\\laravel\\framework\\src\\Illuminate\\Routing\\Middleware\\ThrottleRequests.php(87): Illuminate\\Routing\\Middleware\\ThrottleRequests->handleRequestUsingNamedLimiter(Object(Illuminate\\Http\\Request), Object(Closure), 'api', Object(Closure))
#33 C:\\Users\\Braian\\Desktop\\Trabajo\\Littleowlsapi\\vendor\\laravel\\framework\\src\\Illuminate\\Pipeline\\Pipeline.php(183): Illuminate\\Routing\\Middleware\\ThrottleRequests->handle(Object(Illuminate\\Http\\Request), Object(Closure), 'api')
#34 C:\\Users\\Braian\\Desktop\\Trabajo\\Littleowlsapi\\vendor\\laravel\\framework\\src\\Illuminate\\Pipeline\\Pipeline.php(119): Illuminate\\Pipeline\\Pipeline->Illuminate\\Pipeline\\{closure}(Object(Illuminate\\Http\\Request))
#35 C:\\Users\\Braian\\Desktop\\Trabajo\\Littleowlsapi\\vendor\\laravel\\framework\\src\\Illuminate\\Routing\\Router.php(805): Illuminate\\Pipeline\\Pipeline->then(Object(Closure))
#36 C:\\Users\\Braian\\Desktop\\Trabajo\\Littleowlsapi\\vendor\\laravel\\framework\\src\\Illuminate\\Routing\\Router.php(784): Illuminate\\Routing\\Router->runRouteWithinStack(Object(Illuminate\\Routing\\Route), Object(Illuminate\\Http\\Request))
#37 C:\\Users\\Braian\\Desktop\\Trabajo\\Littleowlsapi\\vendor\\laravel\\framework\\src\\Illuminate\\Routing\\Router.php(748): Illuminate\\Routing\\Router->runRoute(Object(Illuminate\\Http\\Request), Object(Illuminate\\Routing\\Route))
#38 C:\\Users\\Braian\\Desktop\\Trabajo\\Littleowlsapi\\vendor\\laravel\\framework\\src\\Illuminate\\Routing\\Router.php(737): Illuminate\\Routing\\Router->dispatchToRoute(Object(Illuminate\\Http\\Request))
#39 C:\\Users\\Braian\\Desktop\\Trabajo\\Littleowlsapi\\vendor\\laravel\\framework\\src\\Illuminate\\Foundation\\Http\\Kernel.php(200): Illuminate\\Routing\\Router->dispatch(Object(Illuminate\\Http\\Request))
#40 C:\\Users\\Braian\\Desktop\\Trabajo\\Littleowlsapi\\vendor\\laravel\\framework\\src\\Illuminate\\Pipeline\\Pipeline.php(144): Illuminate\\Foundation\\Http\\Kernel->Illuminate\\Foundation\\Http\\{closure}(Object(Illuminate\\Http\\Request))
#41 C:\\Users\\Braian\\Desktop\\Trabajo\\Littleowlsapi\\vendor\\laravel\\framework\\src\\Illuminate\\Foundation\\Http\\Middleware\\TransformsRequest.php(21): Illuminate\\Pipeline\\Pipeline->Illuminate\\Pipeline\\{closure}(Object(Illuminate\\Http\\Request))
#42 C:\\Users\\Braian\\Desktop\\Trabajo\\Littleowlsapi\\vendor\\laravel\\framework\\src\\Illuminate\\Foundation\\Http\\Middleware\\ConvertEmptyStringsToNull.php(31): Illuminate\\Foundation\\Http\\Middleware\\TransformsRequest->handle(Object(Illuminate\\Http\\Request), Object(Closure))
#43 C:\\Users\\Braian\\Desktop\\Trabajo\\Littleowlsapi\\vendor\\laravel\\framework\\src\\Illuminate\\Pipeline\\Pipeline.php(183): Illuminate\\Foundation\\Http\\Middleware\\ConvertEmptyStringsToNull->handle(Object(Illuminate\\Http\\Request), Object(Closure))
#44 C:\\Users\\Braian\\Desktop\\Trabajo\\Littleowlsapi\\vendor\\laravel\\framework\\src\\Illuminate\\Foundation\\Http\\Middleware\\TransformsRequest.php(21): Illuminate\\Pipeline\\Pipeline->Illuminate\\Pipeline\\{closure}(Object(Illuminate\\Http\\Request))
#45 C:\\Users\\Braian\\Desktop\\Trabajo\\Littleowlsapi\\vendor\\laravel\\framework\\src\\Illuminate\\Foundation\\Http\\Middleware\\TrimStrings.php(40): Illuminate\\Foundation\\Http\\Middleware\\TransformsRequest->handle(Object(Illuminate\\Http\\Request), Object(Closure))
#46 C:\\Users\\Braian\\Desktop\\Trabajo\\Littleowlsapi\\vendor\\laravel\\framework\\src\\Illuminate\\Pipeline\\Pipeline.php(183): Illuminate\\Foundation\\Http\\Middleware\\TrimStrings->handle(Object(Illuminate\\Http\\Request), Object(Closure))
#47 C:\\Users\\Braian\\Desktop\\Trabajo\\Littleowlsapi\\vendor\\laravel\\framework\\src\\Illuminate\\Foundation\\Http\\Middleware\\ValidatePostSize.php(27): Illuminate\\Pipeline\\Pipeline->Illuminate\\Pipeline\\{closure}(Object(Illuminate\\Http\\Request))
#48 C:\\Users\\Braian\\Desktop\\Trabajo\\Littleowlsapi\\vendor\\laravel\\framework\\src\\Illuminate\\Pipeline\\Pipeline.php(183): Illuminate\\Foundation\\Http\\Middleware\\ValidatePostSize->handle(Object(Illuminate\\Http\\Request), Object(Closure))
#49 C:\\Users\\Braian\\Desktop\\Trabajo\\Littleowlsapi\\vendor\\laravel\\framework\\src\\Illuminate\\Foundation\\Http\\Middleware\\PreventRequestsDuringMaintenance.php(99): Illuminate\\Pipeline\\Pipeline->Illuminate\\Pipeline\\{closure}(Object(Illuminate\\Http\\Request))
#50 C:\\Users\\Braian\\Desktop\\Trabajo\\Littleowlsapi\\vendor\\laravel\\framework\\src\\Illuminate\\Pipeline\\Pipeline.php(183): Illuminate\\Foundation\\Http\\Middleware\\PreventRequestsDuringMaintenance->handle(Object(Illuminate\\Http\\Request), Object(Closure))
#51 C:\\Users\\Braian\\Desktop\\Trabajo\\Littleowlsapi\\vendor\\laravel\\framework\\src\\Illuminate\\Http\\Middleware\\HandleCors.php(49): Illuminate\\Pipeline\\Pipeline->Illuminate\\Pipeline\\{closure}(Object(Illuminate\\Http\\Request))
#52 C:\\Users\\Braian\\Desktop\\Trabajo\\Littleowlsapi\\vendor\\laravel\\framework\\src\\Illuminate\\Pipeline\\Pipeline.php(183): Illuminate\\Http\\Middleware\\HandleCors->handle(Object(Illuminate\\Http\\Request), Object(Closure))
#53 C:\\Users\\Braian\\Desktop\\Trabajo\\Littleowlsapi\\vendor\\laravel\\framework\\src\\Illuminate\\Http\\Middleware\\TrustProxies.php(39): Illuminate\\Pipeline\\Pipeline->Illuminate\\Pipeline\\{closure}(Object(Illuminate\\Http\\Request))
#54 C:\\Users\\Braian\\Desktop\\Trabajo\\Littleowlsapi\\vendor\\laravel\\framework\\src\\Illuminate\\Pipeline\\Pipeline.php(183): Illuminate\\Http\\Middleware\\TrustProxies->handle(Object(Illuminate\\Http\\Request), Object(Closure))
#55 C:\\Users\\Braian\\Desktop\\Trabajo\\Littleowlsapi\\vendor\\laravel\\framework\\src\\Illuminate\\Pipeline\\Pipeline.php(119): Illuminate\\Pipeline\\Pipeline->Illuminate\\Pipeline\\{closure}(Object(Illuminate\\Http\\Request))
#56 C:\\Users\\Braian\\Desktop\\Trabajo\\Littleowlsapi\\vendor\\laravel\\framework\\src\\Illuminate\\Foundation\\Http\\Kernel.php(175): Illuminate\\Pipeline\\Pipeline->then(Object(Closure))
#57 C:\\Users\\Braian\\Desktop\\Trabajo\\Littleowlsapi\\vendor\\laravel\\framework\\src\\Illuminate\\Foundation\\Http\\Kernel.php(144): Illuminate\\Foundation\\Http\\Kernel->sendRequestThroughRouter(Object(Illuminate\\Http\\Request))
#58 C:\\Users\\Braian\\Desktop\\Trabajo\\Littleowlsapi\\public\\index.php(51): Illuminate\\Foundation\\Http\\Kernel->handle(Object(Illuminate\\Http\\Request))
#59 C:\\Users\\Braian\\Desktop\\Trabajo\\Littleowlsapi\\vendor\\laravel\\framework\\src\\Illuminate\\Foundation\\resources\\server.php(16): require_once('C:\\\\Users\\\\Braian...')
#60 {main}
"} 
[2025-06-30 20:47:30] local.INFO: Email enviado exitosamente {"to":"test@example.com","subject":"Prueba desde PowerShell"} 
[2025-06-30 20:47:43] local.INFO: Email enviado exitosamente {"to":"principal@example.com","subject":"Email con copias"} 
[2025-06-30 20:47:54] local.INFO: Email HTML enviado exitosamente {"to":"destinatario@example.com","subject":"Email HTML desde API"} 
[2025-06-30 20:49:10] local.INFO: Email enviado exitosamente {"to":"braiangreno@gmail.com","subject":"Prueba API LittleOwls"} 
[2025-07-01 16:32:20] local.ERROR: @OA\RequestBody() is missing key-field: "request" in \App\Http\Controllers\EmailController->sendHtml() in C:\Users\Braian\Desktop\Trabajo\Littleowlsapi\app\Http\Controllers\EmailController.php on line 141 {"exception":"[object] (ErrorException(code: 0): @OA\\RequestBody() is missing key-field: \"request\" in \\App\\Http\\Controllers\\EmailController->sendHtml() in C:\\Users\\Braian\\Desktop\\Trabajo\\Littleowlsapi\\app\\Http\\Controllers\\EmailController.php on line 141 at C:\\Users\\Braian\\Desktop\\Trabajo\\Littleowlsapi\\vendor\\zircote\\swagger-php\\src\\Loggers\\DefaultLogger.php:31)
[stacktrace]
#0 C:\\Users\\Braian\\Desktop\\Trabajo\\Littleowlsapi\\vendor\\laravel\\framework\\src\\Illuminate\\Foundation\\Bootstrap\\HandleExceptions.php(255): Illuminate\\Foundation\\Bootstrap\\HandleExceptions->handleError(512, '@OA\\\\RequestBody...', 'C:\\\\Users\\\\Braian...', 31)
#1 [internal function]: Illuminate\\Foundation\\Bootstrap\\HandleExceptions->Illuminate\\Foundation\\Bootstrap\\{closure}(512, '@OA\\\\RequestBody...', 'C:\\\\Users\\\\Braian...', 31)
#2 C:\\Users\\Braian\\Desktop\\Trabajo\\Littleowlsapi\\vendor\\zircote\\swagger-php\\src\\Loggers\\DefaultLogger.php(31): trigger_error('@OA\\\\RequestBody...', 512)
#3 C:\\Users\\Braian\\Desktop\\Trabajo\\Littleowlsapi\\vendor\\psr\\log\\src\\LoggerTrait.php(50): OpenApi\\Loggers\\DefaultLogger->log('error', '@OA\\\\RequestBody...', Array)
#4 C:\\Users\\Braian\\Desktop\\Trabajo\\Littleowlsapi\\vendor\\zircote\\swagger-php\\src\\Annotations\\AbstractAnnotation.php(496): Psr\\Log\\AbstractLogger->error('@OA\\\\RequestBody...')
#5 C:\\Users\\Braian\\Desktop\\Trabajo\\Littleowlsapi\\vendor\\zircote\\swagger-php\\src\\Annotations\\AbstractAnnotation.php(592): OpenApi\\Annotations\\AbstractAnnotation->validate(Array, Array, '#/components', Object(stdClass))
#6 C:\\Users\\Braian\\Desktop\\Trabajo\\Littleowlsapi\\vendor\\zircote\\swagger-php\\src\\Annotations\\AbstractAnnotation.php(565): OpenApi\\Annotations\\AbstractAnnotation::_validate(Object(OpenApi\\Annotations\\OpenApi), Array, Array, '#', Object(stdClass))
#7 C:\\Users\\Braian\\Desktop\\Trabajo\\Littleowlsapi\\vendor\\zircote\\swagger-php\\src\\Annotations\\OpenApi.php(170): OpenApi\\Annotations\\AbstractAnnotation->validate(Array, Array, '#', Object(stdClass))
#8 C:\\Users\\Braian\\Desktop\\Trabajo\\Littleowlsapi\\vendor\\zircote\\swagger-php\\src\\Analysis.php(440): OpenApi\\Annotations\\OpenApi->validate()
#9 C:\\Users\\Braian\\Desktop\\Trabajo\\Littleowlsapi\\vendor\\zircote\\swagger-php\\src\\Generator.php(511): OpenApi\\Analysis->validate()
#10 C:\\Users\\Braian\\Desktop\\Trabajo\\Littleowlsapi\\vendor\\darkaonline\\l5-swagger\\src\\Generator.php(191): OpenApi\\Generator->generate(Object(Symfony\\Component\\Finder\\Finder), Object(OpenApi\\Analysis))
#11 C:\\Users\\Braian\\Desktop\\Trabajo\\Littleowlsapi\\vendor\\darkaonline\\l5-swagger\\src\\Generator.php(132): L5Swagger\\Generator->scanFilesForDocumentation()
#12 C:\\Users\\Braian\\Desktop\\Trabajo\\Littleowlsapi\\vendor\\darkaonline\\l5-swagger\\src\\Console\\GenerateDocsCommand.php(72): L5Swagger\\Generator->generateDocs()
#13 C:\\Users\\Braian\\Desktop\\Trabajo\\Littleowlsapi\\vendor\\darkaonline\\l5-swagger\\src\\Console\\GenerateDocsCommand.php(58): L5Swagger\\Console\\GenerateDocsCommand->generateDocumentation(Object(L5Swagger\\GeneratorFactory), 'default')
#14 C:\\Users\\Braian\\Desktop\\Trabajo\\Littleowlsapi\\vendor\\laravel\\framework\\src\\Illuminate\\Container\\BoundMethod.php(36): L5Swagger\\Console\\GenerateDocsCommand->handle(Object(L5Swagger\\GeneratorFactory))
#15 C:\\Users\\Braian\\Desktop\\Trabajo\\Littleowlsapi\\vendor\\laravel\\framework\\src\\Illuminate\\Container\\Util.php(41): Illuminate\\Container\\BoundMethod::Illuminate\\Container\\{closure}()
#16 C:\\Users\\Braian\\Desktop\\Trabajo\\Littleowlsapi\\vendor\\laravel\\framework\\src\\Illuminate\\Container\\BoundMethod.php(93): Illuminate\\Container\\Util::unwrapIfClosure(Object(Closure))
#17 C:\\Users\\Braian\\Desktop\\Trabajo\\Littleowlsapi\\vendor\\laravel\\framework\\src\\Illuminate\\Container\\BoundMethod.php(35): Illuminate\\Container\\BoundMethod::callBoundMethod(Object(Illuminate\\Foundation\\Application), Array, Object(Closure))
#18 C:\\Users\\Braian\\Desktop\\Trabajo\\Littleowlsapi\\vendor\\laravel\\framework\\src\\Illuminate\\Container\\Container.php(662): Illuminate\\Container\\BoundMethod::call(Object(Illuminate\\Foundation\\Application), Array, Array, NULL)
#19 C:\\Users\\Braian\\Desktop\\Trabajo\\Littleowlsapi\\vendor\\laravel\\framework\\src\\Illuminate\\Console\\Command.php(211): Illuminate\\Container\\Container->call(Array)
#20 C:\\Users\\Braian\\Desktop\\Trabajo\\Littleowlsapi\\vendor\\symfony\\console\\Command\\Command.php(326): Illuminate\\Console\\Command->execute(Object(Symfony\\Component\\Console\\Input\\ArgvInput), Object(Illuminate\\Console\\OutputStyle))
#21 C:\\Users\\Braian\\Desktop\\Trabajo\\Littleowlsapi\\vendor\\laravel\\framework\\src\\Illuminate\\Console\\Command.php(180): Symfony\\Component\\Console\\Command\\Command->run(Object(Symfony\\Component\\Console\\Input\\ArgvInput), Object(Illuminate\\Console\\OutputStyle))
#22 C:\\Users\\Braian\\Desktop\\Trabajo\\Littleowlsapi\\vendor\\symfony\\console\\Application.php(1096): Illuminate\\Console\\Command->run(Object(Symfony\\Component\\Console\\Input\\ArgvInput), Object(Symfony\\Component\\Console\\Output\\ConsoleOutput))
#23 C:\\Users\\Braian\\Desktop\\Trabajo\\Littleowlsapi\\vendor\\symfony\\console\\Application.php(324): Symfony\\Component\\Console\\Application->doRunCommand(Object(L5Swagger\\Console\\GenerateDocsCommand), Object(Symfony\\Component\\Console\\Input\\ArgvInput), Object(Symfony\\Component\\Console\\Output\\ConsoleOutput))
#24 C:\\Users\\Braian\\Desktop\\Trabajo\\Littleowlsapi\\vendor\\symfony\\console\\Application.php(175): Symfony\\Component\\Console\\Application->doRun(Object(Symfony\\Component\\Console\\Input\\ArgvInput), Object(Symfony\\Component\\Console\\Output\\ConsoleOutput))
#25 C:\\Users\\Braian\\Desktop\\Trabajo\\Littleowlsapi\\vendor\\laravel\\framework\\src\\Illuminate\\Foundation\\Console\\Kernel.php(201): Symfony\\Component\\Console\\Application->run(Object(Symfony\\Component\\Console\\Input\\ArgvInput), Object(Symfony\\Component\\Console\\Output\\ConsoleOutput))
#26 C:\\Users\\Braian\\Desktop\\Trabajo\\Littleowlsapi\\artisan(35): Illuminate\\Foundation\\Console\\Kernel->handle(Object(Symfony\\Component\\Console\\Input\\ArgvInput), Object(Symfony\\Component\\Console\\Output\\ConsoleOutput))
#27 {main}
"} 
[2025-07-01 16:33:22] local.ERROR: Multiple @OA\RequestBody() with the same request="EmailPayload":
  \App\Http\Controllers\MailerController->sendFile() in C:\Users\Braian\Desktop\Trabajo\Littleowlsapi\app\Http\Controllers\MailerController.php on line 61
  \App\Http\Controllers\MailerController->store() in C:\Users\Braian\Desktop\Trabajo\Littleowlsapi\app\Http\Controllers\MailerController.php on line 27 {"exception":"[object] (ErrorException(code: 0): Multiple @OA\\RequestBody() with the same request=\"EmailPayload\":
  \\App\\Http\\Controllers\\MailerController->sendFile() in C:\\Users\\Braian\\Desktop\\Trabajo\\Littleowlsapi\\app\\Http\\Controllers\\MailerController.php on line 61
  \\App\\Http\\Controllers\\MailerController->store() in C:\\Users\\Braian\\Desktop\\Trabajo\\Littleowlsapi\\app\\Http\\Controllers\\MailerController.php on line 27 at C:\\Users\\Braian\\Desktop\\Trabajo\\Littleowlsapi\\vendor\\zircote\\swagger-php\\src\\Loggers\\DefaultLogger.php:31)
[stacktrace]
#0 C:\\Users\\Braian\\Desktop\\Trabajo\\Littleowlsapi\\vendor\\laravel\\framework\\src\\Illuminate\\Foundation\\Bootstrap\\HandleExceptions.php(255): Illuminate\\Foundation\\Bootstrap\\HandleExceptions->handleError(512, 'Multiple @OA\\\\Re...', 'C:\\\\Users\\\\Braian...', 31)
#1 [internal function]: Illuminate\\Foundation\\Bootstrap\\HandleExceptions->Illuminate\\Foundation\\Bootstrap\\{closure}(512, 'Multiple @OA\\\\Re...', 'C:\\\\Users\\\\Braian...', 31)
#2 C:\\Users\\Braian\\Desktop\\Trabajo\\Littleowlsapi\\vendor\\zircote\\swagger-php\\src\\Loggers\\DefaultLogger.php(31): trigger_error('Multiple @OA\\\\Re...', 512)
#3 C:\\Users\\Braian\\Desktop\\Trabajo\\Littleowlsapi\\vendor\\psr\\log\\src\\LoggerTrait.php(50): OpenApi\\Loggers\\DefaultLogger->log('error', 'Multiple @OA\\\\Re...', Array)
#4 C:\\Users\\Braian\\Desktop\\Trabajo\\Littleowlsapi\\vendor\\zircote\\swagger-php\\src\\Annotations\\AbstractAnnotation.php(498): Psr\\Log\\AbstractLogger->error('Multiple @OA\\\\Re...')
#5 C:\\Users\\Braian\\Desktop\\Trabajo\\Littleowlsapi\\vendor\\zircote\\swagger-php\\src\\Annotations\\AbstractAnnotation.php(592): OpenApi\\Annotations\\AbstractAnnotation->validate(Array, Array, '#/components', Object(stdClass))
#6 C:\\Users\\Braian\\Desktop\\Trabajo\\Littleowlsapi\\vendor\\zircote\\swagger-php\\src\\Annotations\\AbstractAnnotation.php(565): OpenApi\\Annotations\\AbstractAnnotation::_validate(Object(OpenApi\\Annotations\\OpenApi), Array, Array, '#', Object(stdClass))
#7 C:\\Users\\Braian\\Desktop\\Trabajo\\Littleowlsapi\\vendor\\zircote\\swagger-php\\src\\Annotations\\OpenApi.php(170): OpenApi\\Annotations\\AbstractAnnotation->validate(Array, Array, '#', Object(stdClass))
#8 C:\\Users\\Braian\\Desktop\\Trabajo\\Littleowlsapi\\vendor\\zircote\\swagger-php\\src\\Analysis.php(440): OpenApi\\Annotations\\OpenApi->validate()
#9 C:\\Users\\Braian\\Desktop\\Trabajo\\Littleowlsapi\\vendor\\zircote\\swagger-php\\src\\Generator.php(511): OpenApi\\Analysis->validate()
#10 C:\\Users\\Braian\\Desktop\\Trabajo\\Littleowlsapi\\vendor\\darkaonline\\l5-swagger\\src\\Generator.php(191): OpenApi\\Generator->generate(Object(Symfony\\Component\\Finder\\Finder), Object(OpenApi\\Analysis))
#11 C:\\Users\\Braian\\Desktop\\Trabajo\\Littleowlsapi\\vendor\\darkaonline\\l5-swagger\\src\\Generator.php(132): L5Swagger\\Generator->scanFilesForDocumentation()
#12 C:\\Users\\Braian\\Desktop\\Trabajo\\Littleowlsapi\\vendor\\darkaonline\\l5-swagger\\src\\Console\\GenerateDocsCommand.php(72): L5Swagger\\Generator->generateDocs()
#13 C:\\Users\\Braian\\Desktop\\Trabajo\\Littleowlsapi\\vendor\\darkaonline\\l5-swagger\\src\\Console\\GenerateDocsCommand.php(58): L5Swagger\\Console\\GenerateDocsCommand->generateDocumentation(Object(L5Swagger\\GeneratorFactory), 'default')
#14 C:\\Users\\Braian\\Desktop\\Trabajo\\Littleowlsapi\\vendor\\laravel\\framework\\src\\Illuminate\\Container\\BoundMethod.php(36): L5Swagger\\Console\\GenerateDocsCommand->handle(Object(L5Swagger\\GeneratorFactory))
#15 C:\\Users\\Braian\\Desktop\\Trabajo\\Littleowlsapi\\vendor\\laravel\\framework\\src\\Illuminate\\Container\\Util.php(41): Illuminate\\Container\\BoundMethod::Illuminate\\Container\\{closure}()
#16 C:\\Users\\Braian\\Desktop\\Trabajo\\Littleowlsapi\\vendor\\laravel\\framework\\src\\Illuminate\\Container\\BoundMethod.php(93): Illuminate\\Container\\Util::unwrapIfClosure(Object(Closure))
#17 C:\\Users\\Braian\\Desktop\\Trabajo\\Littleowlsapi\\vendor\\laravel\\framework\\src\\Illuminate\\Container\\BoundMethod.php(35): Illuminate\\Container\\BoundMethod::callBoundMethod(Object(Illuminate\\Foundation\\Application), Array, Object(Closure))
#18 C:\\Users\\Braian\\Desktop\\Trabajo\\Littleowlsapi\\vendor\\laravel\\framework\\src\\Illuminate\\Container\\Container.php(662): Illuminate\\Container\\BoundMethod::call(Object(Illuminate\\Foundation\\Application), Array, Array, NULL)
#19 C:\\Users\\Braian\\Desktop\\Trabajo\\Littleowlsapi\\vendor\\laravel\\framework\\src\\Illuminate\\Console\\Command.php(211): Illuminate\\Container\\Container->call(Array)
#20 C:\\Users\\Braian\\Desktop\\Trabajo\\Littleowlsapi\\vendor\\symfony\\console\\Command\\Command.php(326): Illuminate\\Console\\Command->execute(Object(Symfony\\Component\\Console\\Input\\ArgvInput), Object(Illuminate\\Console\\OutputStyle))
#21 C:\\Users\\Braian\\Desktop\\Trabajo\\Littleowlsapi\\vendor\\laravel\\framework\\src\\Illuminate\\Console\\Command.php(180): Symfony\\Component\\Console\\Command\\Command->run(Object(Symfony\\Component\\Console\\Input\\ArgvInput), Object(Illuminate\\Console\\OutputStyle))
#22 C:\\Users\\Braian\\Desktop\\Trabajo\\Littleowlsapi\\vendor\\symfony\\console\\Application.php(1096): Illuminate\\Console\\Command->run(Object(Symfony\\Component\\Console\\Input\\ArgvInput), Object(Symfony\\Component\\Console\\Output\\ConsoleOutput))
#23 C:\\Users\\Braian\\Desktop\\Trabajo\\Littleowlsapi\\vendor\\symfony\\console\\Application.php(324): Symfony\\Component\\Console\\Application->doRunCommand(Object(L5Swagger\\Console\\GenerateDocsCommand), Object(Symfony\\Component\\Console\\Input\\ArgvInput), Object(Symfony\\Component\\Console\\Output\\ConsoleOutput))
#24 C:\\Users\\Braian\\Desktop\\Trabajo\\Littleowlsapi\\vendor\\symfony\\console\\Application.php(175): Symfony\\Component\\Console\\Application->doRun(Object(Symfony\\Component\\Console\\Input\\ArgvInput), Object(Symfony\\Component\\Console\\Output\\ConsoleOutput))
#25 C:\\Users\\Braian\\Desktop\\Trabajo\\Littleowlsapi\\vendor\\laravel\\framework\\src\\Illuminate\\Foundation\\Console\\Kernel.php(201): Symfony\\Component\\Console\\Application->run(Object(Symfony\\Component\\Console\\Input\\ArgvInput), Object(Symfony\\Component\\Console\\Output\\ConsoleOutput))
#26 C:\\Users\\Braian\\Desktop\\Trabajo\\Littleowlsapi\\artisan(35): Illuminate\\Foundation\\Console\\Kernel->handle(Object(Symfony\\Component\\Console\\Input\\ArgvInput), Object(Symfony\\Component\\Console\\Output\\ConsoleOutput))
#27 {main}
"} 
